<?xml version="1.0" encoding="UTF-8"?>
<!-- Generated by org.testng.reporters.JUnitReportReporter -->
<testsuite skipped="0" hostname="1-PC" name="test.TestExample1TestTest2" tests="1" failures="0" timestamp="23 Nov 2016 13:18:18 GMT" time="0.007" errors="0">
  <testcase name="test" time="0.007" classname="test.TestExample1TestTest2"/>
</testsuite> <!-- test.TestExample1TestTest2 -->
