<?xml version="1.0" encoding="UTF-8"?>
<!-- Generated by org.testng.reporters.JUnitReportReporter -->
<testsuite skipped="0" hostname="1-PC" name="test.TestExample2" tests="4" failures="0" timestamp="23 Nov 2016 13:18:19 GMT" time="0.053" errors="0">
  <testcase name="test2_1" time="0.008" classname="test.TestExample2"/>
  <testcase name="test2_2" time="0.029" classname="test.TestExample2"/>
  <testcase name="test2_3" time="0.006" classname="test.TestExample2"/>
  <testcase name="test2_4" time="0.010" classname="test.TestExample2"/>
</testsuite> <!-- test.TestExample2 -->
