<?xml version="1.0" encoding="UTF-8"?>
<!-- Generated by org.testng.reporters.JUnitReportReporter -->
<testsuite skipped="0" hostname="1-PC" name="test.TestExample1" tests="2" failures="0" timestamp="23 Nov 2016 13:18:19 GMT" time="0.155" errors="0">
  <testcase name="test1_2" time="0.020" classname="test.TestExample1"/>
  <testcase name="test1_1" time="0.135" classname="test.TestExample1"/>
</testsuite> <!-- test.TestExample1 -->
